[debug] [2019-11-06T05:55:35.050Z] ----------------------------------------------------------------------
[debug] [2019-11-06T05:55:35.052Z] Command:       /Users/Kou/.nvm/v10.15.1/bin/node /Users/Kou/.nvm/v10.15.1/bin/firebase deploy --only functions
[debug] [2019-11-06T05:55:35.052Z] CLI Version:   7.6.2
[debug] [2019-11-06T05:55:35.052Z] Platform:      darwin
[debug] [2019-11-06T05:55:35.052Z] Node Version:  v10.15.1
[debug] [2019-11-06T05:55:35.053Z] Time:          Wed Nov 06 2019 14:55:35 GMT+0900 (GMT+09:00)
[debug] [2019-11-06T05:55:35.053Z] ----------------------------------------------------------------------
[debug] [2019-11-06T05:55:35.053Z] 
[debug] [2019-11-06T05:55:35.060Z] > command requires scopes: ["email","openid","https://www.googleapis.com/auth/cloudplatformprojects.readonly","https://www.googleapis.com/auth/firebase","https://www.googleapis.com/auth/cloud-platform"]
[debug] [2019-11-06T05:55:35.061Z] > authorizing via signed-in user
[debug] [2019-11-06T05:55:35.061Z] [iam] checking project ghost-rights for permissions ["cloudfunctions.functions.create","cloudfunctions.functions.delete","cloudfunctions.functions.get","cloudfunctions.functions.list","cloudfunctions.functions.update","cloudfunctions.operations.get","firebase.projects.get"]
[debug] [2019-11-06T05:55:35.063Z] >>> HTTP REQUEST POST https://cloudresourcemanager.googleapis.com/v1/projects/ghost-rights:testIamPermissions  

[debug] [2019-11-06T05:55:35.945Z] <<< HTTP RESPONSE 200
[info] 
[info] === Deploying to 'ghost-rights'...
[info] 
[info] i  deploying functions
[debug] [2019-11-06T05:55:38.157Z] > [functions] package.json contents: {
  "name": "functions",
  "description": "Cloud Functions for Firebase",
  "scripts": {
    "serve": "firebase serve --only functions",
    "shell": "firebase functions:shell",
    "start": "npm run shell",
    "deploy": "firebase deploy --only functions",
    "logs": "firebase functions:log"
  },
  "dependencies": {
    "cors": "^2.8.5",
    "date-fns-timezone": "^0.1.4",
    "firebase": "^7.2.2",
    "firebase-admin": "^8.6.1",
    "firebase-functions": "^3.3.0",
    "nodemailer": "^6.3.1"
  },
  "engines": {
    "node": "8"
  },
  "private": true
}
[info] i  functions: ensuring necessary APIs are enabled...
[debug] [2019-11-06T05:55:38.159Z] >>> HTTP REQUEST GET https://serviceusage.googleapis.com/v1/projects/ghost-rights/services/cloudfunctions.googleapis.com  
 
[debug] [2019-11-06T05:55:38.159Z] >>> HTTP REQUEST GET https://serviceusage.googleapis.com/v1/projects/ghost-rights/services/runtimeconfig.googleapis.com  
 
[debug] [2019-11-06T05:55:39.322Z] <<< HTTP RESPONSE 200
[debug] [2019-11-06T05:55:39.333Z] <<< HTTP RESPONSE 200
[info] ✔  functions: all necessary APIs are enabled
[debug] [2019-11-06T05:55:39.334Z] >>> HTTP REQUEST GET https://firebase.googleapis.com/v1beta1/projects/ghost-rights/adminSdkConfig  
 
[debug] [2019-11-06T05:55:39.936Z] <<< HTTP RESPONSE 200
[info] i  functions: preparing functions directory for uploading...
[debug] [2019-11-06T05:55:39.939Z] >>> HTTP REQUEST GET https://runtimeconfig.googleapis.com/v1beta1/projects/ghost-rights/configs  
 
[debug] [2019-11-06T05:55:40.369Z] <<< HTTP RESPONSE 200
[info] i  functions: packaged functions (59.97 KB) for uploading
[debug] [2019-11-06T05:55:40.800Z] >>> HTTP REQUEST POST https://cloudfunctions.googleapis.com/v1/projects/ghost-rights/locations/us-central1/functions:generateUploadUrl  
 
[debug] [2019-11-06T05:56:20.870Z] <<< HTTP RESPONSE 200
[debug] [2019-11-06T05:56:20.871Z] >>> HTTP REQUEST PUT https://storage.googleapis.com/gcf-upload-us-central1-ae4ba176-7145-4b58-a1a3-3719143938de/ab597f0d-4efa-42e1-90b7-9f1f22ededa7.zip?GoogleAccessId=service-483501591562@gcf-admin-robot.iam.gserviceaccount.com&Expires=1573021580&Signature=uN%2FIUPg9070XjH%2BFxQ9eYZDoL0Aw4vhn8waec357T7d1eeAM6ELMJarUAMUfgqgPlJX4DUllILTYF%2BehGB52KJplRXWVUSEV8f8RSfQsjEH2VLATKrVgbtsRrIJt4H6Fjp%2BVjRdfsMA6mwARHAGx%2FnBmg%2FhsFBgr8pOtEIdm%2FAJxO%2F7Lo4XPq1nx4Ke3jPMUA2EBy4PBo%2FaPTwYy6xjt1YuqMAnrBCMec3BLERBhB2zcFydMzm0%2Bj4Nl%2Bste6hhXKzOtQroLBR%2BTbDvek9SUuIpc%2FrtwrxMGught47zwOhWlvYV%2FjmstbHuzNR5E4rwbNHGzXYE6EEDDk%2BdP4NFnxQ%3D%3D  
 <request body omitted>
[debug] [2019-11-06T05:56:21.566Z] <<< HTTP RESPONSE 200
[info] ✔  functions: functions folder uploaded successfully
[debug] [2019-11-06T05:56:21.568Z] >>> HTTP REQUEST GET https://cloudfunctions.googleapis.com/v1/projects/ghost-rights/locations/-/functions  
 
[debug] [2019-11-06T05:56:22.139Z] <<< HTTP RESPONSE 200
[info] i  functions: creating Node.js 8 function updatedPublishStatusOfContent(us-central1)...
[debug] [2019-11-06T05:56:22.141Z] Trigger is:  {"eventTrigger":{"resource":"projects/ghost-rights/databases/(default)/documents/contents/{contentId}","eventType":"providers/cloud.firestore/eventTypes/document.update","service":"firestore.googleapis.com"}}
[debug] [2019-11-06T05:56:22.142Z] >>> HTTP REQUEST GET https://serviceusage.googleapis.com/v1/projects/ghost-rights/services/cloudscheduler.googleapis.com  
 
[debug] [2019-11-06T05:56:23.253Z] <<< HTTP RESPONSE 200
[debug] [2019-11-06T05:56:23.255Z] >>> HTTP REQUEST POST https://cloudfunctions.googleapis.com/v1/projects/ghost-rights/locations/us-central1/functions  

[debug] [2019-11-06T05:56:23.870Z] <<< HTTP RESPONSE 200
[debug] [2019-11-06T05:56:23.872Z] >>> HTTP REQUEST GET https://cloudfunctions.googleapis.com/v1/operations/Z2hvc3QtcmlnaHRzL3VzLWNlbnRyYWwxL3VwZGF0ZWRQdWJsaXNoU3RhdHVzT2ZDb250ZW50L0xBdWxQT0Nja3Y4  
 
[debug] [2019-11-06T05:56:24.177Z] <<< HTTP RESPONSE 200
[debug] [2019-11-06T05:56:26.180Z] >>> HTTP REQUEST GET https://cloudfunctions.googleapis.com/v1/operations/Z2hvc3QtcmlnaHRzL3VzLWNlbnRyYWwxL3VwZGF0ZWRQdWJsaXNoU3RhdHVzT2ZDb250ZW50L0xBdWxQT0Nja3Y4  
 
[debug] [2019-11-06T05:56:26.631Z] <<< HTTP RESPONSE 200
[debug] [2019-11-06T05:56:28.631Z] >>> HTTP REQUEST GET https://cloudfunctions.googleapis.com/v1/operations/Z2hvc3QtcmlnaHRzL3VzLWNlbnRyYWwxL3VwZGF0ZWRQdWJsaXNoU3RhdHVzT2ZDb250ZW50L0xBdWxQT0Nja3Y4  
 
[debug] [2019-11-06T05:56:29.090Z] <<< HTTP RESPONSE 200
[debug] [2019-11-06T05:56:31.091Z] >>> HTTP REQUEST GET https://cloudfunctions.googleapis.com/v1/operations/Z2hvc3QtcmlnaHRzL3VzLWNlbnRyYWwxL3VwZGF0ZWRQdWJsaXNoU3RhdHVzT2ZDb250ZW50L0xBdWxQT0Nja3Y4  
 
[debug] [2019-11-06T05:56:31.386Z] <<< HTTP RESPONSE 200
[debug] [2019-11-06T05:56:33.391Z] >>> HTTP REQUEST GET https://cloudfunctions.googleapis.com/v1/operations/Z2hvc3QtcmlnaHRzL3VzLWNlbnRyYWwxL3VwZGF0ZWRQdWJsaXNoU3RhdHVzT2ZDb250ZW50L0xBdWxQT0Nja3Y4  
 
[debug] [2019-11-06T05:56:33.700Z] <<< HTTP RESPONSE 200
[debug] [2019-11-06T05:56:35.702Z] >>> HTTP REQUEST GET https://cloudfunctions.googleapis.com/v1/operations/Z2hvc3QtcmlnaHRzL3VzLWNlbnRyYWwxL3VwZGF0ZWRQdWJsaXNoU3RhdHVzT2ZDb250ZW50L0xBdWxQT0Nja3Y4  
 
[debug] [2019-11-06T05:56:36.143Z] <<< HTTP RESPONSE 200
[debug] [2019-11-06T05:56:38.143Z] >>> HTTP REQUEST GET https://cloudfunctions.googleapis.com/v1/operations/Z2hvc3QtcmlnaHRzL3VzLWNlbnRyYWwxL3VwZGF0ZWRQdWJsaXNoU3RhdHVzT2ZDb250ZW50L0xBdWxQT0Nja3Y4  
 
[debug] [2019-11-06T05:56:38.614Z] <<< HTTP RESPONSE 200
[debug] [2019-11-06T05:56:40.617Z] >>> HTTP REQUEST GET https://cloudfunctions.googleapis.com/v1/operations/Z2hvc3QtcmlnaHRzL3VzLWNlbnRyYWwxL3VwZGF0ZWRQdWJsaXNoU3RhdHVzT2ZDb250ZW50L0xBdWxQT0Nja3Y4  
 
[debug] [2019-11-06T05:56:40.903Z] <<< HTTP RESPONSE 200
[debug] [2019-11-06T05:56:42.908Z] >>> HTTP REQUEST GET https://cloudfunctions.googleapis.com/v1/operations/Z2hvc3QtcmlnaHRzL3VzLWNlbnRyYWwxL3VwZGF0ZWRQdWJsaXNoU3RhdHVzT2ZDb250ZW50L0xBdWxQT0Nja3Y4  
 
[debug] [2019-11-06T05:56:43.199Z] <<< HTTP RESPONSE 200
[debug] [2019-11-06T05:56:45.202Z] >>> HTTP REQUEST GET https://cloudfunctions.googleapis.com/v1/operations/Z2hvc3QtcmlnaHRzL3VzLWNlbnRyYWwxL3VwZGF0ZWRQdWJsaXNoU3RhdHVzT2ZDb250ZW50L0xBdWxQT0Nja3Y4  
 
[debug] [2019-11-06T05:56:45.681Z] <<< HTTP RESPONSE 200
[debug] [2019-11-06T05:56:47.682Z] >>> HTTP REQUEST GET https://cloudfunctions.googleapis.com/v1/operations/Z2hvc3QtcmlnaHRzL3VzLWNlbnRyYWwxL3VwZGF0ZWRQdWJsaXNoU3RhdHVzT2ZDb250ZW50L0xBdWxQT0Nja3Y4  
 
[debug] [2019-11-06T05:56:48.136Z] <<< HTTP RESPONSE 200
[debug] [2019-11-06T05:56:50.140Z] >>> HTTP REQUEST GET https://cloudfunctions.googleapis.com/v1/operations/Z2hvc3QtcmlnaHRzL3VzLWNlbnRyYWwxL3VwZGF0ZWRQdWJsaXNoU3RhdHVzT2ZDb250ZW50L0xBdWxQT0Nja3Y4  
 
[debug] [2019-11-06T05:56:50.540Z] <<< HTTP RESPONSE 200
[debug] [2019-11-06T05:56:52.546Z] >>> HTTP REQUEST GET https://cloudfunctions.googleapis.com/v1/operations/Z2hvc3QtcmlnaHRzL3VzLWNlbnRyYWwxL3VwZGF0ZWRQdWJsaXNoU3RhdHVzT2ZDb250ZW50L0xBdWxQT0Nja3Y4  
 
[debug] [2019-11-06T05:56:53.003Z] <<< HTTP RESPONSE 200
[debug] [2019-11-06T05:56:55.007Z] >>> HTTP REQUEST GET https://cloudfunctions.googleapis.com/v1/operations/Z2hvc3QtcmlnaHRzL3VzLWNlbnRyYWwxL3VwZGF0ZWRQdWJsaXNoU3RhdHVzT2ZDb250ZW50L0xBdWxQT0Nja3Y4  
 
[debug] [2019-11-06T05:56:55.351Z] <<< HTTP RESPONSE 200
[debug] [2019-11-06T05:56:57.356Z] >>> HTTP REQUEST GET https://cloudfunctions.googleapis.com/v1/operations/Z2hvc3QtcmlnaHRzL3VzLWNlbnRyYWwxL3VwZGF0ZWRQdWJsaXNoU3RhdHVzT2ZDb250ZW50L0xBdWxQT0Nja3Y4  
 
[debug] [2019-11-06T05:56:57.658Z] <<< HTTP RESPONSE 200
